<?xml version="1.0" encoding="utf-8"?><testsuites name="pytest tests"><testsuite name="pytest" errors="0" failures="0" skipped="0" tests="12" time="1.004" timestamp="2026-06-29T11:25:23.956429+00:00" hostname="agent-env-d07cb10f-7165-4465-9ec1-10d01ae42e99"><testcase classname="backend.tests.test_typing_arena" name="test_root_ok" time="0.150" /><testcase classname="backend.tests.test_typing_arena" name="test_text_words_medium" time="0.043" /><testcase classname="backend.tests.test_typing_arena" name="test_text_is_random" time="0.085" /><testcase classname="backend.tests.test_typing_arena" name="test_text_easy" time="0.042" /><testcase classname="backend.tests.test_typing_arena" name="test_text_hard_has_features" time="0.214" /><testcase classname="backend.tests.test_typing_arena" name="test_text_numbers_has_digits" time="0.041" /><testcase classname="backend.tests.test_typing_arena" name="test_text_punctuation_has_punct" time="0.043" /><testcase classname="backend.tests.test_typing_arena" name="test_text_quote" time="0.042" /><testcase classname="backend.tests.test_typing_arena" name="test_create_score_and_leaderboard" time="0.090" /><testcase classname="backend.tests.test_typing_arena" name="test_leaderboard_mode_filter" time="0.091" /><testcase classname="backend.tests.test_typing_arena" name="test_score_validation" time="0.041" /><testcase classname="backend.tests.test_typing_arena" name="test_stats" time="0.044" /></testsuite></testsuites>